(Loading /home/deginev/perl5/lib/perl5/LaTeXML/Engine/TeX.pool.ltxml...
(Loading /home/deginev/perl5/lib/perl5/LaTeXML/Engine/Base.pool.ltxml...
(Loading /home/deginev/perl5/lib/perl5/LaTeXML/Engine/Base_Schema.pool.ltxml... 0.00 sec)
(Loading /home/deginev/perl5/lib/perl5/LaTeXML/Engine/Base_ParameterTypes.pool.ltxml... 0.00 sec)
(Loading /home/deginev/perl5/lib/perl5/LaTeXML/Engine/Base_Utility.pool.ltxml... 0.01 sec)
(Loading /home/deginev/perl5/lib/perl5/LaTeXML/Engine/Base_XMath.pool.ltxml... 0.01 sec)
(Loading /home/deginev/perl5/lib/perl5/LaTeXML/Engine/TeX_Box.pool.ltxml... 0.01 sec)
(Loading /home/deginev/perl5/lib/perl5/LaTeXML/Engine/TeX_Character.pool.ltxml... 0.00 sec)
(Loading /home/deginev/perl5/lib/perl5/LaTeXML/Engine/TeX_Debugging.pool.ltxml... 0.00 sec)
(Loading /home/deginev/perl5/lib/perl5/LaTeXML/Engine/TeX_FileIO.pool.ltxml... 0.00 sec)
(Loading /home/deginev/perl5/lib/perl5/LaTeXML/Engine/TeX_Fonts.pool.ltxml... 0.00 sec)
(Loading /home/deginev/perl5/lib/perl5/LaTeXML/Engine/TeX_Glue.pool.ltxml... 0.00 sec)
(Loading /home/deginev/perl5/lib/perl5/LaTeXML/Engine/TeX_Hyphenation.pool.ltxml... 0.00 sec)
(Loading /home/deginev/perl5/lib/perl5/LaTeXML/Engine/TeX_Inserts.pool.ltxml... 0.00 sec)
(Loading /home/deginev/perl5/lib/perl5/LaTeXML/Engine/TeX_Job.pool.ltxml... 0.00 sec)
(Loading /home/deginev/perl5/lib/perl5/LaTeXML/Engine/TeX_Kern.pool.ltxml... 0.00 sec)
(Loading /home/deginev/perl5/lib/perl5/LaTeXML/Engine/TeX_Logic.pool.ltxml... 0.00 sec)
(Loading /home/deginev/perl5/lib/perl5/LaTeXML/Engine/TeX_Macro.pool.ltxml... 0.00 sec)
(Loading /home/deginev/perl5/lib/perl5/LaTeXML/Engine/TeX_Marks.pool.ltxml... 0.00 sec)
(Loading /home/deginev/perl5/lib/perl5/LaTeXML/Engine/TeX_Math.pool.ltxml... 0.01 sec)
(Loading /home/deginev/perl5/lib/perl5/LaTeXML/Engine/TeX_Page.pool.ltxml... 0.00 sec)
(Loading /home/deginev/perl5/lib/perl5/LaTeXML/Engine/TeX_Paragraph.pool.ltxml... 0.00 sec)
(Loading /home/deginev/perl5/lib/perl5/LaTeXML/Engine/TeX_Penalties.pool.ltxml... 0.00 sec)
(Loading /home/deginev/perl5/lib/perl5/LaTeXML/Engine/TeX_Registers.pool.ltxml... 0.00 sec)
(Loading /home/deginev/perl5/lib/perl5/LaTeXML/Engine/TeX_Tables.pool.ltxml... 0.00 sec)
(Loading /home/deginev/perl5/lib/perl5/LaTeXML/Engine/eTeX.pool.ltxml... 0.00 sec)
(Loading /home/deginev/perl5/lib/perl5/LaTeXML/Engine/pdfTeX.pool.ltxml... 0.01 sec)
(Loading /home/deginev/perl5/lib/perl5/LaTeXML/Engine/Base_Deprecated.pool.ltxml... 0.01 sec) 0.10 sec)
(Loading /home/deginev/perl5/lib/perl5/LaTeXML/Engine/plain_bootstrap.pool.ltxml... 0.00 sec)
(Loading /home/deginev/perl5/lib/perl5/LaTeXML/Engine/plain_dump.pool.ltxml... 0.02 sec)
(Loading /home/deginev/perl5/lib/perl5/LaTeXML/Engine/plain_constructs.pool.ltxml...
(Loading /home/deginev/perl5/lib/perl5/LaTeXML/Engine/math_common.pool.ltxml... 0.01 sec) 0.02 sec) 0.14 sec)
ltxmojo (LaTeXML version 0.8.8; revision 8ec35596)
invoked as [/home/deginev/LaTeXML-Plugin-ltxmojo/script/ltxmojo ]
processing started Fri Feb 20 18:09:18 2026
(Digesting TeX main...
(Processing content /tmp/hFnB0B9QgC/main.tex...
(Loading /home/deginev/perl5/lib/perl5/LaTeXML/Engine/LaTeX.pool.ltxml...
(Loading /home/deginev/perl5/lib/perl5/LaTeXML/Engine/latex_bootstrap.pool.ltxml... 0.00 sec)
(Loading /home/deginev/perl5/lib/perl5/LaTeXML/Engine/latex_dump.pool.ltxml... 0.97 sec)
(Loading /home/deginev/perl5/lib/perl5/LaTeXML/Engine/latex_constructs.pool.ltxml...
(Loading /home/deginev/perl5/lib/perl5/LaTeXML/Engine/plain_constructs.pool.ltxml...
(Loading /home/deginev/perl5/lib/perl5/LaTeXML/Engine/math_common.pool.ltxml... 0.01 sec) 0.02 sec)
(Loading /home/deginev/perl5/lib/perl5/LaTeXML/Package/textcomp.sty.ltxml...
(Processing definitions /usr/share/texlive/texmf-dist/tex/latex/base/ts1enc.dfu... 0.01 sec) 0.02 sec) 0.17 sec) 1.15 sec)
(Processing content /tmp/hFnB0B9QgC/preamble.tex...
(Loading /home/deginev/perl5/lib/perl5/LaTeXML/Package/OmniBus.cls.ltxml...
(Loading /home/deginev/perl5/lib/perl5/LaTeXML/Package/article.cls.ltxml... 0.01 sec)
(Loading /home/deginev/perl5/lib/perl5/LaTeXML/Package/inst_support.sty.ltxml... 0.00 sec)
(Loading /home/deginev/perl5/lib/perl5/LaTeXML/Package/epsf.sty.ltxml... 0.00 sec)
(Loading /home/deginev/perl5/lib/perl5/LaTeXML/Package/graphicx.sty.ltxml...
(Loading /home/deginev/perl5/lib/perl5/LaTeXML/Package/graphics.sty.ltxml... 0.00 sec) 0.02 sec)
(Loading /home/deginev/perl5/lib/perl5/LaTeXML/Package/aas_macros.sty.ltxml... 0.01 sec) 0.11 sec)
(Loading /home/deginev/perl5/lib/perl5/LaTeXML/Package/exscale.sty.ltxml... 0.00 sec)
(Loading /home/deginev/perl5/lib/perl5/LaTeXML/Package/babel.sty.ltxml...
(Processing definitions /usr/share/texlive/texmf-dist/tex/generic/babel/babel.sty...
(Loading /home/deginev/perl5/lib/perl5/LaTeXML/Package/txtbabel.def.ltxml...
(Processing definitions /usr/share/texlive/texmf-dist/tex/generic/babel/txtbabel.def... 0.01 sec)
(Loading /home/deginev/perl5/lib/perl5/LaTeXML/Package/babel_support.sty.ltxml... 0.00 sec) 0.03 sec)
(Processing definitions /usr/share/texlive/texmf-dist/tex/generic/babel-english/english.ldf...
Language: english 2017/06/06 v3.3r English support from the babel system
 0.23 sec) 1.64 sec) 1.65 sec)
(Loading /home/deginev/perl5/lib/perl5/LaTeXML/Package/geometry.sty.ltxml...
(Loading /home/deginev/perl5/lib/perl5/LaTeXML/Package/keyval.sty.ltxml...
(Processing definitions /usr/share/texlive/texmf-dist/tex/latex/graphics/keyval.sty... 0.01 sec) 0.01 sec)
(Loading /home/deginev/perl5/lib/perl5/LaTeXML/Package/ifpdf.sty.ltxml... 0.00 sec)
(Loading /home/deginev/perl5/lib/perl5/LaTeXML/Package/ifvtex.sty.ltxml...
(Loading /home/deginev/perl5/lib/perl5/LaTeXML/Package/iftex.sty.ltxml... 0.00 sec) 0.02 sec)
(Loading /home/deginev/perl5/lib/perl5/LaTeXML/Package/ifxetex.sty.ltxml... 0.00 sec) 0.08 sec)
(Loading /home/deginev/perl5/lib/perl5/LaTeXML/Package/mathrsfs.sty.ltxml... 0.00 sec)
(Loading /home/deginev/perl5/lib/perl5/LaTeXML/Package/amsfonts.sty.ltxml... 0.00 sec)
(Loading /home/deginev/perl5/lib/perl5/LaTeXML/Package/amsmath.sty.ltxml...
(Loading /home/deginev/perl5/lib/perl5/LaTeXML/Package/amsbsy.sty.ltxml...
(Loading /home/deginev/perl5/lib/perl5/LaTeXML/Package/amsgen.sty.ltxml... 0.00 sec) 0.02 sec)
(Loading /home/deginev/perl5/lib/perl5/LaTeXML/Package/amstext.sty.ltxml... 0.01 sec)
(Loading /home/deginev/perl5/lib/perl5/LaTeXML/Package/amsopn.sty.ltxml... 0.02 sec) 0.12 sec)
(Loading /home/deginev/perl5/lib/perl5/LaTeXML/Package/amsthm.sty.ltxml... 0.02 sec)
(Loading /home/deginev/perl5/lib/perl5/LaTeXML/Package/amssymb.sty.ltxml... 0.03 sec)
(Loading /home/deginev/perl5/lib/perl5/LaTeXML/Package/esint.sty.ltxml... 0.01 sec)
(Loading /home/deginev/perl5/lib/perl5/LaTeXML/Package/enumerate.sty.ltxml... 0.00 sec)
(Loading /home/deginev/perl5/lib/perl5/LaTeXML/Package/enumitem.sty.ltxml... 0.01 sec)
(Loading /home/deginev/perl5/lib/perl5/LaTeXML/Package/framed.sty.ltxml... 0.00 sec)
(Loading /home/deginev/perl5/lib/perl5/LaTeXML/Package/csquotes.sty.ltxml...
(Processing definitions /usr/share/texlive/texmf-dist/tex/latex/csquotes/csquotes.sty...
(Loading /home/deginev/perl5/lib/perl5/LaTeXML/Package/etoolbox.sty.ltxml... 0.14 sec)
(Loading /home/deginev/perl5/lib/perl5/LaTeXML/Package/csquotes.def.ltxml...
(Processing definitions /usr/share/texlive/texmf-dist/tex/latex/csquotes/csquotes.def... 0.42 sec) 0.43 sec)
(Processing definitions /usr/share/texlive/texmf-dist/tex/latex/csquotes/csquotes.cfg... 0.00 sec) 1.13 sec) 1.15 sec)
(Loading /home/deginev/perl5/lib/perl5/LaTeXML/Package/float.sty.ltxml... 0.00 sec)
(Loading /home/deginev/perl5/lib/perl5/LaTeXML/Package/tabularx.sty.ltxml...
(Loading /home/deginev/perl5/lib/perl5/LaTeXML/Package/array.sty.ltxml... 0.00 sec) 0.02 sec)
(Loading /home/deginev/perl5/lib/perl5/LaTeXML/Package/xcolor.sty.ltxml...
(Loading /home/deginev/perl5/lib/perl5/LaTeXML/Package/color.sty.ltxml... 0.01 sec) 0.05 sec)
(Loading /home/deginev/perl5/lib/perl5/LaTeXML/Package/multicol.sty.ltxml... 0.00 sec)
(Loading /home/deginev/perl5/lib/perl5/LaTeXML/Package/subcaption.sty.ltxml...
(Loading /home/deginev/perl5/lib/perl5/LaTeXML/Package/caption.sty.ltxml... 0.01 sec) 0.03 sec)
(Loading /home/deginev/perl5/lib/perl5/LaTeXML/Package/hyperref.sty.ltxml...
(Loading /home/deginev/perl5/lib/perl5/LaTeXML/Package/ltxcmds.sty.ltxml...
(Processing definitions /usr/share/texlive/texmf-dist/tex/generic/ltxcmds/ltxcmds.sty... 0.06 sec) 0.06 sec)
(Loading /home/deginev/perl5/lib/perl5/LaTeXML/Package/kvsetkeys.sty.ltxml...
(Processing definitions /usr/share/texlive/texmf-dist/tex/generic/kvsetkeys/kvsetkeys.sty... 0.05 sec) 0.05 sec)
(Loading /home/deginev/perl5/lib/perl5/LaTeXML/Package/kvdefinekeys.sty.ltxml...
(Processing definitions /usr/share/texlive/texmf-dist/tex/generic/kvdefinekeys/kvdefinekeys.sty... 0.02 sec) 0.02 sec)
(Loading /home/deginev/perl5/lib/perl5/LaTeXML/Package/kvoptions.sty.ltxml...
(Processing definitions /usr/share/texlive/texmf-dist/tex/latex/kvoptions/kvoptions.sty... 0.12 sec) 0.12 sec)
(Loading /home/deginev/perl5/lib/perl5/LaTeXML/Package/nameref.sty.ltxml...
(Loading /home/deginev/perl5/lib/perl5/LaTeXML/Package/refcount.sty.ltxml...
(Processing definitions /usr/share/texlive/texmf-dist/tex/latex/refcount/refcount.sty...
(Loading /home/deginev/perl5/lib/perl5/LaTeXML/Package/infwarerr.sty.ltxml...
(Processing definitions /usr/share/texlive/texmf-dist/tex/generic/infwarerr/infwarerr.sty... 0.02 sec) 0.02 sec) 0.09 sec) 0.09 sec)
(Loading /home/deginev/perl5/lib/perl5/LaTeXML/Package/gettitlestring.sty.ltxml...
(Processing definitions /usr/share/texlive/texmf-dist/tex/generic/gettitlestring/gettitlestring.sty... 0.21 sec) 0.21 sec) 0.35 sec)
(Loading /home/deginev/perl5/lib/perl5/LaTeXML/Package/url.sty.ltxml... 0.00 sec)
(Loading /home/deginev/perl5/lib/perl5/LaTeXML/Package/bitset.sty.ltxml...
(Processing definitions /usr/share/texlive/texmf-dist/tex/generic/bitset/bitset.sty...
(Loading /home/deginev/perl5/lib/perl5/LaTeXML/Package/intcalc.sty.ltxml...
(Processing definitions /usr/share/texlive/texmf-dist/tex/generic/intcalc/intcalc.sty... 0.04 sec) 0.04 sec)
(Loading /home/deginev/perl5/lib/perl5/LaTeXML/Package/bigintcalc.sty.ltxml...
(Processing definitions /usr/share/texlive/texmf-dist/tex/generic/bigintcalc/bigintcalc.sty...
(Loading /home/deginev/perl5/lib/perl5/LaTeXML/Package/pdftexcmds.sty.ltxml... 0.02 sec) 0.14 sec) 0.14 sec) 0.35 sec) 0.35 sec) 1.10 sec) 4.68 sec)
(Processing content /tmp/hFnB0B9QgC/format.tex...
(Loading /home/deginev/perl5/lib/perl5/LaTeXML/Package/titlesec.sty.ltxml... 0.00 sec)
(Loading /home/deginev/perl5/lib/perl5/LaTeXML/Package/tcolorbox.sty.ltxml...
(Loading /home/deginev/perl5/lib/perl5/LaTeXML/Package/xparse.sty.ltxml...
(Processing definitions /usr/share/texlive/texmf-dist/tex/latex/l3packages/xparse/xparse.sty... 0.09 sec) 0.09 sec)
(Processing definitions /usr/share/texlive/texmf-dist/tex/latex/tcolorbox/tcolorbox.sty...
(Loading /home/deginev/perl5/lib/perl5/LaTeXML/Package/pgf.sty.ltxml...
(Processing definitions /usr/share/texlive/texmf-dist/tex/latex/pgf/basiclayer/pgf.sty...
(Loading /home/deginev/perl5/lib/perl5/LaTeXML/Package/pgfrcs.sty.ltxml...
(Loading /home/deginev/perl5/lib/perl5/LaTeXML/Package/pgfutil-common.tex.ltxml...
(Processing definitions /usr/share/texlive/texmf-dist/tex/generic/pgf/utilities/pgfutil-common.tex...
(Processing definitions /usr/share/texlive/texmf-dist/tex/generic/pgf/utilities/pgfutil-common-lists.tex... 0.02 sec) 0.09 sec) 0.09 sec)
(Processing definitions /usr/share/texlive/texmf-dist/tex/generic/pgf/utilities/pgfutil-latex.def... 0.03 sec)
(Processing definitions /usr/share/texlive/texmf-dist/tex/generic/pgf/utilities/pgfrcs.code.tex...
(Processing definitions /usr/share/texlive/texmf-dist/tex/generic/pgf/pgf.revision.tex... 0.00 sec) 0.02 sec) 0.14 sec)
(Processing definitions /usr/share/texlive/texmf-dist/tex/latex/pgf/basiclayer/pgfcore.sty...
(Processing definitions /usr/share/texlive/texmf-dist/tex/latex/pgf/systemlayer/pgfsys.sty...
(Processing definitions /usr/share/texlive/texmf-dist/tex/generic/pgf/systemlayer/pgfsys.code.tex...
(Loading /home/deginev/perl5/lib/perl5/LaTeXML/Package/pgfkeys.code.tex.ltxml...
(Processing definitions /usr/share/texlive/texmf-dist/tex/generic/pgf/utilities/pgfkeys.code.tex...
(Processing definitions /usr/share/texlive/texmf-dist/tex/generic/pgf/utilities/pgfkeysfiltered.code.tex... 0.22 sec) 0.61 sec) 0.61 sec)
(Processing definitions /usr/share/texlive/texmf-dist/tex/generic/pgf/systemlayer/pgf.cfg... 0.01 sec)
Driver file for pgf: pgfsys-latexml.def
(Loading /home/deginev/perl5/lib/perl5/LaTeXML/Package/pgfsys-latexml.def.ltxml... 0.03 sec) 1.00 sec)
(Processing definitions /usr/share/texlive/texmf-dist/tex/generic/pgf/systemlayer/pgfsyssoftpath.code.tex... 0.02 sec)
(Processing definitions /usr/share/texlive/texmf-dist/tex/generic/pgf/systemlayer/pgfsysprotocol.code.tex... 0.01 sec) 1.04 sec)
(Processing definitions /usr/share/texlive/texmf-dist/tex/generic/pgf/basiclayer/pgfcore.code.tex...
(Loading /home/deginev/perl5/lib/perl5/LaTeXML/Package/pgfmath.code.tex.ltxml...
(Processing definitions /usr/share/texlive/texmf-dist/tex/generic/pgf/math/pgfmath.code.tex...
(Loading /home/deginev/perl5/lib/perl5/LaTeXML/Package/pgfmathcalc.code.tex.ltxml...
(Processing definitions /usr/share/texlive/texmf-dist/tex/generic/pgf/math/pgfmathcalc.code.tex...
(Processing definitions /usr/share/texlive/texmf-dist/tex/generic/pgf/math/pgfmathutil.code.tex... 0.04 sec)
(Processing definitions /usr/share/texlive/texmf-dist/tex/generic/pgf/math/pgfmathparser.code.tex... 0.17 sec)
(Processing definitions /usr/share/texlive/texmf-dist/tex/generic/pgf/math/pgfmathfunctions.code.tex...
(Processing definitions /usr/share/texlive/texmf-dist/tex/generic/pgf/math/pgfmathfunctions.basic.code.tex... 0.17 sec)
(Processing definitions /usr/share/texlive/texmf-dist/tex/generic/pgf/math/pgfmathfunctions.trigonometric.code.tex... 0.70 sec)
(Processing definitions /usr/share/texlive/texmf-dist/tex/generic/pgf/math/pgfmathfunctions.random.code.tex... 0.03 sec)
(Processing definitions /usr/share/texlive/texmf-dist/tex/generic/pgf/math/pgfmathfunctions.comparison.code.tex... 0.12 sec)
(Processing definitions /usr/share/texlive/texmf-dist/tex/generic/pgf/math/pgfmathfunctions.base.code.tex... 0.06 sec)
(Processing definitions /usr/share/texlive/texmf-dist/tex/generic/pgf/math/pgfmathfunctions.round.code.tex... 0.03 sec)
(Processing definitions /usr/share/texlive/texmf-dist/tex/generic/pgf/math/pgfmathfunctions.misc.code.tex... 0.08 sec)
(Processing definitions /usr/share/texlive/texmf-dist/tex/generic/pgf/math/pgfmathfunctions.integerarithmetics.code.tex... 0.03 sec) 1.31 sec) 1.55 sec) 1.55 sec)
(Processing definitions /usr/share/texlive/texmf-dist/tex/generic/pgf/math/pgfmathfloat.code.tex... 0.89 sec) 2.44 sec) 2.45 sec)
(Processing definitions /usr/share/texlive/texmf-dist/tex/generic/pgf/math/pgfint.code.tex... 0.01 sec)
(Processing definitions /usr/share/texlive/texmf-dist/tex/generic/pgf/basiclayer/pgfcorepoints.code.tex... 0.09 sec)
(Processing definitions /usr/share/texlive/texmf-dist/tex/generic/pgf/basiclayer/pgfcorepathconstruct.code.tex... 0.10 sec)
(Processing definitions /usr/share/texlive/texmf-dist/tex/generic/pgf/basiclayer/pgfcorepathusage.code.tex... 0.15 sec)
(Processing definitions /usr/share/texlive/texmf-dist/tex/generic/pgf/basiclayer/pgfcorescopes.code.tex... 0.15 sec)
(Processing definitions /usr/share/texlive/texmf-dist/tex/generic/pgf/basiclayer/pgfcoregraphicstate.code.tex... 0.02 sec)
(Processing definitions /usr/share/texlive/texmf-dist/tex/generic/pgf/basiclayer/pgfcoretransformations.code.tex... 0.05 sec)
(Processing definitions /usr/share/texlive/texmf-dist/tex/generic/pgf/basiclayer/pgfcorequick.code.tex... 0.01 sec)
(Processing definitions /usr/share/texlive/texmf-dist/tex/generic/pgf/basiclayer/pgfcoreobjects.code.tex... 0.00 sec)
(Processing definitions /usr/share/texlive/texmf-dist/tex/generic/pgf/basiclayer/pgfcorepathprocessing.code.tex... 0.04 sec)
(Processing definitions /usr/share/texlive/texmf-dist/tex/generic/pgf/basiclayer/pgfcorearrows.code.tex... 0.93 sec)
(Processing definitions /usr/share/texlive/texmf-dist/tex/generic/pgf/basiclayer/pgfcoreshade.code.tex... 0.08 sec)
(Processing definitions /usr/share/texlive/texmf-dist/tex/generic/pgf/basiclayer/pgfcoreimage.code.tex...
(Processing definitions /usr/share/texlive/texmf-dist/tex/generic/pgf/basiclayer/pgfcoreexternal.code.tex... 0.09 sec) 0.19 sec)
(Processing definitions /usr/share/texlive/texmf-dist/tex/generic/pgf/basiclayer/pgfcorelayers.code.tex... 0.01 sec)
(Processing definitions /usr/share/texlive/texmf-dist/tex/generic/pgf/basiclayer/pgfcoretransparency.code.tex... 0.05 sec)
(Processing definitions /usr/share/texlive/texmf-dist/tex/generic/pgf/basiclayer/pgfcorepatterns.code.tex... 0.02 sec)
(Processing definitions /usr/share/texlive/texmf-dist/tex/generic/pgf/basiclayer/pgfcorerdf.code.tex... 0.01 sec) 4.38 sec) 5.49 sec)
(Processing definitions /usr/share/texlive/texmf-dist/tex/generic/pgf/modules/pgfmoduleshapes.code.tex... 0.20 sec)
(Processing definitions /usr/share/texlive/texmf-dist/tex/generic/pgf/modules/pgfmoduleplot.code.tex... 0.20 sec)
(Processing definitions /usr/share/texlive/texmf-dist/tex/latex/pgf/compatibility/pgfcomp-version-0-65.sty... 0.19 sec)
(Processing definitions /usr/share/texlive/texmf-dist/tex/latex/pgf/compatibility/pgfcomp-version-1-18.sty... 0.02 sec) 6.32 sec) 6.32 sec)
(Loading /home/deginev/perl5/lib/perl5/LaTeXML/Package/verbatim.sty.ltxml... 0.00 sec)
(Processing definitions /usr/share/texlive/texmf-dist/tex/latex/environ/environ.sty...
(Processing definitions /usr/share/texlive/texmf-dist/tex/latex/trimspaces/trimspaces.sty... 0.01 sec) 0.03 sec)
(Processing definitions /usr/share/texlive/texmf-dist/tex/latex/tcolorbox/tcbraster.code.tex...
Library (tcolorbox): 'tcbraster.code.tex' version '5.0.2'
 0.37 sec)
(Processing definitions /usr/share/texlive/texmf-dist/tex/latex/tcolorbox/tcbskins.code.tex...
Library (tcolorbox): 'tcbskins.code.tex' version '5.0.2'
(Loading /home/deginev/perl5/lib/perl5/LaTeXML/Package/tikz.sty.ltxml...
(Processing definitions /usr/share/texlive/texmf-dist/tex/latex/pgf/frontendlayer/tikz.sty...
(Processing definitions /usr/share/texlive/texmf-dist/tex/latex/pgf/utilities/pgffor.sty...
(Loading /home/deginev/perl5/lib/perl5/LaTeXML/Package/pgfkeys.sty.ltxml... 0.00 sec)
(Loading /home/deginev/perl5/lib/perl5/LaTeXML/Package/pgfmath.sty.ltxml... 0.03 sec)
(Processing definitions /usr/share/texlive/texmf-dist/tex/generic/pgf/utilities/pgffor.code.tex... 0.14 sec) 0.22 sec)
(Processing definitions /usr/share/texlive/texmf-dist/tex/generic/pgf/frontendlayer/tikz/tikz.code.tex...
(Processing definitions /usr/share/texlive/texmf-dist/tex/generic/pgf/libraries/pgflibraryplothandlers.code.tex... 0.11 sec)
(Processing definitions /usr/share/texlive/texmf-dist/tex/generic/pgf/modules/pgfmodulematrix.code.tex... 0.04 sec)
(Processing definitions /usr/share/texlive/texmf-dist/tex/generic/pgf/frontendlayer/tikz/libraries/tikzlibrarytopaths.code.tex... 0.15 sec) 2.63 sec) 2.89 sec) 2.89 sec)
(Processing definitions /usr/share/texlive/texmf-dist/tex/latex/tcolorbox/tcbskinsjigsaw.code.tex...
Library (tcolorbox): 'tcbskinsjigsaw.code.tex' version '5.0.2'
 0.22 sec) 7.03 sec)
(Processing definitions /usr/share/texlive/texmf-dist/tex/latex/tcolorbox/tcbbreakable.code.tex...
Library (tcolorbox): 'tcbbreakable.code.tex' version '5.0.2'
(Processing definitions /usr/share/texlive/texmf-dist/tex/generic/oberdiek/pdfcol.sty... 0.08 sec) 0.74 sec)
(Processing definitions /usr/share/texlive/texmf-dist/tex/latex/tcolorbox/tcbhooks.code.tex...
Library (tcolorbox): 'tcbhooks.code.tex' version '5.0.2'
 0.69 sec)
(Processing definitions /usr/share/texlive/texmf-dist/tex/latex/tcolorbox/tcbtheorems.code.tex...
Library (tcolorbox): 'tcbtheorems.code.tex' version '5.0.2'
 0.84 sec)
(Processing definitions /usr/share/texlive/texmf-dist/tex/latex/tcolorbox/tcbfitting.code.tex...
Library (tcolorbox): 'tcbfitting.code.tex' version '5.0.2'
 0.31 sec)
(Processing definitions /usr/share/texlive/texmf-dist/tex/latex/tcolorbox/tcbxparse.code.tex...
Library (tcolorbox): 'tcbxparse.code.tex' version '5.0.2'
 0.35 sec) 21.35 sec) 21.47 sec) 21.60 sec)
(Processing content /tmp/hFnB0B9QgC/commands.tex... 0.01 sec)
\providecommand\babel@aux[2]{}
\@nameuse{bbl@beforestart}
\string\babel@aux{\bbl@auxname}{}
 27.72 sec) 27.72 sec)
(Building...
(Loading compiled schema /home/deginev/perl5/lib/perl5/LaTeXML/resources/RelaxNG/LaTeXML.model... 0.01 sec) 0.97 sec)
(Rewriting... 0.00 sec)
(Finalizing... 0.00 sec)
Conversion complete: 1 missing file[extarticle.cls]
(post-processing...
(Scan main.html processing...
Scan: DBStatus: 20/0 objects
 0.00 sec)
(CrossRef main.html processing... 0.00 sec)
(Graphics main.html processing... 0.01 sec)
(XSLT[using LaTeXML-html5.xsl] main.html processing... 0.00 sec)
(Writer main.html processing... 0.00 sec) 0.02 sec)
Post-processing complete: No obvious problems
processing finished Fri Feb 20 18:09:47 2026
Status:conversion:0
